[debug] [2026-02-02T02:28:04.736Z] ----------------------------------------------------------------------
[debug] [2026-02-02T02:28:04.739Z] Command:       C:\Program Files\nodejs\node.exe C:\Users\정해석\AppData\Roaming\npm\node_modules\firebase-tools\lib\bin\firebase.js deploy --only functions
[debug] [2026-02-02T02:28:04.739Z] CLI Version:   15.4.0
[debug] [2026-02-02T02:28:04.739Z] Platform:      win32
[debug] [2026-02-02T02:28:04.739Z] Node Version:  v24.12.0
[debug] [2026-02-02T02:28:04.739Z] Time:          Mon Feb 02 2026 11:28:04 GMT+0900 (대한민국 표준시)
[debug] [2026-02-02T02:28:04.739Z] ----------------------------------------------------------------------
[debug] 
[debug] [2026-02-02T02:28:07.130Z] Object "" in "firebase.json" has unknown property: {"additionalProperty":"flutter"}
[debug] [2026-02-02T02:28:07.132Z] > command requires scopes: ["email","openid","https://www.googleapis.com/auth/cloudplatformprojects.readonly","https://www.googleapis.com/auth/firebase","https://www.googleapis.com/auth/cloud-platform"]
[debug] [2026-02-02T02:28:07.132Z] > authorizing via signed-in user (chs9182@gmail.com)
[debug] [2026-02-02T02:28:07.133Z] [iam] checking project audioview-f62dd for permissions ["cloudfunctions.functions.create","cloudfunctions.functions.delete","cloudfunctions.functions.get","cloudfunctions.functions.list","cloudfunctions.functions.update","cloudfunctions.operations.get","firebase.projects.get"]
[debug] [2026-02-02T02:28:07.133Z] Checked if tokens are valid: true, expires at: 1770002824036
[debug] [2026-02-02T02:28:07.133Z] Checked if tokens are valid: true, expires at: 1770002824036
[debug] [2026-02-02T02:28:07.134Z] >>> [apiv2][query] POST https://cloudresourcemanager.googleapis.com/v1/projects/audioview-f62dd:testIamPermissions [none]
[debug] [2026-02-02T02:28:07.134Z] >>> [apiv2][(partial)header] POST https://cloudresourcemanager.googleapis.com/v1/projects/audioview-f62dd:testIamPermissions x-goog-quota-user=projects/audioview-f62dd
[debug] [2026-02-02T02:28:07.134Z] >>> [apiv2][body] POST https://cloudresourcemanager.googleapis.com/v1/projects/audioview-f62dd:testIamPermissions {"permissions":["cloudfunctions.functions.create","cloudfunctions.functions.delete","cloudfunctions.functions.get","cloudfunctions.functions.list","cloudfunctions.functions.update","cloudfunctions.operations.get","firebase.projects.get"]}
[debug] [2026-02-02T02:28:07.369Z] <<< [apiv2][status] POST https://cloudresourcemanager.googleapis.com/v1/projects/audioview-f62dd:testIamPermissions 200
[debug] [2026-02-02T02:28:07.369Z] <<< [apiv2][body] POST https://cloudresourcemanager.googleapis.com/v1/projects/audioview-f62dd:testIamPermissions {"permissions":["cloudfunctions.functions.create","cloudfunctions.functions.delete","cloudfunctions.functions.get","cloudfunctions.functions.list","cloudfunctions.functions.update","cloudfunctions.operations.get","firebase.projects.get"]}
[debug] [2026-02-02T02:28:07.370Z] Checked if tokens are valid: true, expires at: 1770002824036
[debug] [2026-02-02T02:28:07.370Z] Checked if tokens are valid: true, expires at: 1770002824036
[debug] [2026-02-02T02:28:07.370Z] >>> [apiv2][query] POST https://iam.googleapis.com/v1/projects/audioview-f62dd/serviceAccounts/audioview-f62dd@appspot.gserviceaccount.com:testIamPermissions [none]
[debug] [2026-02-02T02:28:07.370Z] >>> [apiv2][body] POST https://iam.googleapis.com/v1/projects/audioview-f62dd/serviceAccounts/audioview-f62dd@appspot.gserviceaccount.com:testIamPermissions {"permissions":["iam.serviceAccounts.actAs"]}
[debug] [2026-02-02T02:28:08.344Z] <<< [apiv2][status] POST https://iam.googleapis.com/v1/projects/audioview-f62dd/serviceAccounts/audioview-f62dd@appspot.gserviceaccount.com:testIamPermissions 200
[debug] [2026-02-02T02:28:08.345Z] <<< [apiv2][body] POST https://iam.googleapis.com/v1/projects/audioview-f62dd/serviceAccounts/audioview-f62dd@appspot.gserviceaccount.com:testIamPermissions {"permissions":["iam.serviceAccounts.actAs"]}
[info] 
[info] === Deploying to 'audioview-f62dd'...
[info] 
[info] i  deploying functions 
[info] Running command: npm --prefix "$RESOURCE_DIR" run build
[info] +  functions: Finished running predeploy script. 
[debug] [2026-02-02T02:28:09.958Z] Checked if tokens are valid: true, expires at: 1770002824036
[debug] [2026-02-02T02:28:09.958Z] Checked if tokens are valid: true, expires at: 1770002824036
[debug] [2026-02-02T02:28:09.958Z] >>> [apiv2][query] GET https://cloudresourcemanager.googleapis.com/v1/projects/audioview-f62dd [none]
[debug] [2026-02-02T02:28:10.160Z] <<< [apiv2][status] GET https://cloudresourcemanager.googleapis.com/v1/projects/audioview-f62dd 200
[debug] [2026-02-02T02:28:10.160Z] <<< [apiv2][body] GET https://cloudresourcemanager.googleapis.com/v1/projects/audioview-f62dd {"projectNumber":"1074786462696","projectId":"audioview-f62dd","lifecycleState":"ACTIVE","name":"AudioView","labels":{"firebase":"enabled","firebase-core":"disabled"},"createTime":"2026-01-22T05:11:51.362520Z"}
[info] i  functions: preparing codebase default for deployment 
[info] i  functions: ensuring required API cloudfunctions.googleapis.com is enabled... 
[info] i  functions: ensuring required API cloudbuild.googleapis.com is enabled... 
[info] i  artifactregistry: ensuring required API artifactregistry.googleapis.com is enabled... 
[debug] [2026-02-02T02:28:10.163Z] Checked if tokens are valid: true, expires at: 1770002824036
[debug] [2026-02-02T02:28:10.163Z] Checked if tokens are valid: true, expires at: 1770002824036
[debug] [2026-02-02T02:28:10.163Z] >>> [apiv2][query] GET https://firebase.googleapis.com/v1beta1/projects/audioview-f62dd/adminSdkConfig [none]
[debug] [2026-02-02T02:28:10.905Z] <<< [apiv2][status] GET https://firebase.googleapis.com/v1beta1/projects/audioview-f62dd/adminSdkConfig 200
[debug] [2026-02-02T02:28:10.905Z] <<< [apiv2][body] GET https://firebase.googleapis.com/v1beta1/projects/audioview-f62dd/adminSdkConfig {"projectId":"audioview-f62dd","storageBucket":"audioview-f62dd.firebasestorage.app"}
[debug] [2026-02-02T02:28:10.906Z] Checked if tokens are valid: true, expires at: 1770002824036
[debug] [2026-02-02T02:28:10.906Z] Checked if tokens are valid: true, expires at: 1770002824036
[debug] [2026-02-02T02:28:10.906Z] >>> [apiv2][query] GET https://runtimeconfig.googleapis.com/v1beta1/projects/audioview-f62dd/configs [none]
[debug] [2026-02-02T02:28:11.443Z] <<< [apiv2][status] GET https://runtimeconfig.googleapis.com/v1beta1/projects/audioview-f62dd/configs 200
[debug] [2026-02-02T02:28:11.443Z] <<< [apiv2][body] GET https://runtimeconfig.googleapis.com/v1beta1/projects/audioview-f62dd/configs {}
[debug] [2026-02-02T02:28:11.444Z] Validating nodejs source
[warn] !  functions: Runtime Node.js 20 will be deprecated on 2026-04-30 and will be decommissioned on 2026-10-30, after which you will not be able to deploy without upgrading. Consider upgrading now to avoid disruption. See https://cloud.google.com/functions/docs/runtime-support for full details on the lifecycle policy 
[warn] !  functions: package.json indicates an outdated version of firebase-functions. Please upgrade using npm install --save firebase-functions@latest in your functions directory. 
[warn] !  functions: Please note that there will be breaking changes when you upgrade. 
[debug] [2026-02-02T02:28:12.510Z] > [functions] package.json contents: {
  "name": "functions",
  "description": "베리어프리 영화 서비스 Cloud Functions",
  "scripts": {
    "lint": "eslint --ext .js,.ts .",
    "build": "tsc",
    "build:watch": "tsc --watch",
    "serve": "npm run build && firebase emulators:start --only functions",
    "shell": "npm run build && firebase functions:shell",
    "start": "npm run shell",
    "deploy": "firebase deploy --only functions",
    "logs": "firebase functions:log"
  },
  "engines": {
    "node": "20"
  },
  "main": "lib/index.js",
  "dependencies": {
    "cors": "^2.8.6",
    "firebase-admin": "^12.0.0",
    "firebase-functions": "^5.0.0"
  },
  "devDependencies": {
    "@types/cors": "^2.8.19",
    "@typescript-eslint/eslint-plugin": "^5.12.0",
    "@typescript-eslint/parser": "^5.12.0",
    "eslint": "^8.9.0",
    "eslint-config-google": "^0.14.0",
    "eslint-plugin-import": "^2.25.4",
    "typescript": "^5.1.0"
  },
  "private": true
}
[debug] [2026-02-02T02:28:12.511Z] Building nodejs source
[info] i  functions: Loading and analyzing source code for codebase default to determine what to deploy 
[debug] [2026-02-02T02:28:12.511Z] Could not find functions.yaml. Must use http discovery
[debug] [2026-02-02T02:28:12.516Z] Found firebase-functions binary at 'C:\audioview\functions\node_modules\.bin\firebase-functions'
[info] Serving at port 8277

[debug] [2026-02-02T02:28:13.232Z] Got response from /__/functions.yaml {"endpoints":{"onUserCreate":{"platform":"gcfv1","availableMemoryMb":null,"timeoutSeconds":null,"minInstances":null,"maxInstances":null,"ingressSettings":null,"serviceAccountEmail":null,"vpc":null,"eventTrigger":{"eventType":"providers/cloud.firestore/eventTypes/document.create","eventFilters":{"resource":"projects/audioview-f62dd/databases/(default)/documents/users/{userId}"},"retry":false},"labels":{},"entryPoint":"onUserCreate"},"dailyCheckIn":{"platform":"gcfv1","labels":{},"availableMemoryMb":null,"timeoutSeconds":null,"minInstances":null,"maxInstances":null,"ingressSettings":null,"serviceAccountEmail":null,"vpc":null,"callableTrigger":{},"entryPoint":"dailyCheckIn"},"onReviewCreate":{"platform":"gcfv1","availableMemoryMb":null,"timeoutSeconds":null,"minInstances":null,"maxInstances":null,"ingressSettings":null,"serviceAccountEmail":null,"vpc":null,"eventTrigger":{"eventType":"providers/cloud.firestore/eventTypes/document.create","eventFilters":{"resource":"projects/audioview-f62dd/databases/(default)/documents/reviews/{reviewId}"},"retry":false},"labels":{},"entryPoint":"onReviewCreate"},"onNoticeCreate":{"platform":"gcfv1","availableMemoryMb":null,"timeoutSeconds":null,"minInstances":null,"maxInstances":null,"ingressSettings":null,"serviceAccountEmail":null,"vpc":null,"eventTrigger":{"eventType":"providers/cloud.firestore/eventTypes/document.create","eventFilters":{"resource":"projects/audioview-f62dd/databases/(default)/documents/notices/{noticeId}"},"retry":false},"labels":{},"entryPoint":"onNoticeCreate"},"onEventCreate":{"platform":"gcfv1","availableMemoryMb":null,"timeoutSeconds":null,"minInstances":null,"maxInstances":null,"ingressSettings":null,"serviceAccountEmail":null,"vpc":null,"eventTrigger":{"eventType":"providers/cloud.firestore/eventTypes/document.create","eventFilters":{"resource":"projects/audioview-f62dd/databases/(default)/documents/events/{eventId}"},"retry":false},"labels":{},"entryPoint":"onEventCreate"},"onMovieUpdate":{"platform":"gcfv1","availableMemoryMb":null,"timeoutSeconds":null,"minInstances":null,"maxInstances":null,"ingressSettings":null,"serviceAccountEmail":null,"vpc":null,"eventTrigger":{"eventType":"providers/cloud.firestore/eventTypes/document.update","eventFilters":{"resource":"projects/audioview-f62dd/databases/(default)/documents/movies/{movieId}"},"retry":false},"labels":{},"entryPoint":"onMovieUpdate"},"deleteUserAccount":{"platform":"gcfv1","labels":{},"availableMemoryMb":null,"timeoutSeconds":null,"minInstances":null,"maxInstances":null,"ingressSettings":null,"serviceAccountEmail":null,"vpc":null,"callableTrigger":{},"entryPoint":"deleteUserAccount"},"verifyKakaoToken":{"platform":"gcfv1","labels":{},"availableMemoryMb":null,"timeoutSeconds":null,"minInstances":null,"maxInstances":null,"ingressSettings":null,"serviceAccountEmail":null,"vpc":null,"callableTrigger":{},"entryPoint":"verifyKakaoToken"},"verifyNaverToken":{"platform":"gcfv1","labels":{},"availableMemoryMb":null,"timeoutSeconds":null,"minInstances":null,"maxInstances":null,"ingressSettings":null,"serviceAccountEmail":null,"vpc":null,"callableTrigger":{},"entryPoint":"verifyNaverToken"}},"specVersion":"v1alpha1","requiredAPIs":[],"extensions":{}}
[info] i  extensions: ensuring required API firebaseextensions.googleapis.com is enabled... 
[debug] [2026-02-02T02:28:17.271Z] > command requires scopes: ["email","openid","https://www.googleapis.com/auth/cloudplatformprojects.readonly","https://www.googleapis.com/auth/firebase","https://www.googleapis.com/auth/cloud-platform"]
[debug] [2026-02-02T02:28:17.271Z] > authorizing via signed-in user (chs9182@gmail.com)
[debug] [2026-02-02T02:28:17.271Z] [iam] checking project audioview-f62dd for permissions ["firebase.projects.get","firebaseextensions.instances.list"]
[debug] [2026-02-02T02:28:17.271Z] Checked if tokens are valid: true, expires at: 1770002824036
[debug] [2026-02-02T02:28:17.271Z] Checked if tokens are valid: true, expires at: 1770002824036
[debug] [2026-02-02T02:28:17.271Z] >>> [apiv2][query] POST https://cloudresourcemanager.googleapis.com/v1/projects/audioview-f62dd:testIamPermissions [none]
[debug] [2026-02-02T02:28:17.271Z] >>> [apiv2][(partial)header] POST https://cloudresourcemanager.googleapis.com/v1/projects/audioview-f62dd:testIamPermissions x-goog-quota-user=projects/audioview-f62dd
[debug] [2026-02-02T02:28:17.271Z] >>> [apiv2][body] POST https://cloudresourcemanager.googleapis.com/v1/projects/audioview-f62dd:testIamPermissions {"permissions":["firebase.projects.get","firebaseextensions.instances.list"]}
[debug] [2026-02-02T02:28:17.480Z] <<< [apiv2][status] POST https://cloudresourcemanager.googleapis.com/v1/projects/audioview-f62dd:testIamPermissions 200
[debug] [2026-02-02T02:28:17.480Z] <<< [apiv2][body] POST https://cloudresourcemanager.googleapis.com/v1/projects/audioview-f62dd:testIamPermissions {"permissions":["firebase.projects.get","firebaseextensions.instances.list"]}
[debug] [2026-02-02T02:28:17.480Z] Checked if tokens are valid: true, expires at: 1770002824036
[debug] [2026-02-02T02:28:17.480Z] Checked if tokens are valid: true, expires at: 1770002824036
[debug] [2026-02-02T02:28:17.480Z] >>> [apiv2][query] GET https://firebaseextensions.googleapis.com/v1beta/projects/audioview-f62dd/instances pageSize=100&pageToken=
[debug] [2026-02-02T02:28:18.465Z] <<< [apiv2][status] GET https://firebaseextensions.googleapis.com/v1beta/projects/audioview-f62dd/instances 200
[debug] [2026-02-02T02:28:18.465Z] <<< [apiv2][body] GET https://firebaseextensions.googleapis.com/v1beta/projects/audioview-f62dd/instances {}
[info] i  functions: preparing functions directory for uploading... 
[info] i  functions: packaged C:\audioview\functions (76.54 KB) for uploading 
[debug] [2026-02-02T02:28:18.495Z] Checked if tokens are valid: true, expires at: 1770002824036
[debug] [2026-02-02T02:28:18.495Z] Checked if tokens are valid: true, expires at: 1770002824036
[debug] [2026-02-02T02:28:18.495Z] >>> [apiv2][query] GET https://cloudfunctions.googleapis.com/v1/projects/audioview-f62dd/locations/-/functions [none]
[debug] [2026-02-02T02:28:19.180Z] <<< [apiv2][status] GET https://cloudfunctions.googleapis.com/v1/projects/audioview-f62dd/locations/-/functions 200
[debug] [2026-02-02T02:28:19.180Z] <<< [apiv2][body] GET https://cloudfunctions.googleapis.com/v1/projects/audioview-f62dd/locations/-/functions {"functions":[{"name":"projects/audioview-f62dd/locations/us-central1/functions/onEventCreate","eventTrigger":{"eventType":"providers/cloud.firestore/eventTypes/document.create","resource":"projects/audioview-f62dd/databases/(default)/documents/events/{eventId}","service":"firestore.googleapis.com","failurePolicy":{}},"status":"ACTIVE","entryPoint":"onEventCreate","timeout":"60s","availableMemoryMb":256,"serviceAccountEmail":"audioview-f62dd@appspot.gserviceaccount.com","updateTime":"2026-01-31T10:53:54.090Z","versionId":"4","labels":{"deployment-tool":"cli-firebase","firebase-functions-hash":"08916e2c5a95cb84931578cfa34440f6ec808bb3"},"sourceUploadUrl":"https://storage.googleapis.com/uploads-951719839450.us-central1.cloudfunctions.appspot.com/3eeb120b-dce1-461c-a0e8-5889fc4f7ea8.zip","environmentVariables":{"FIREBASE_CONFIG":"{\"projectId\":\"audioview-f62dd\",\"storageBucket\":\"audioview-f62dd.firebasestorage.app\"}","GCLOUD_PROJECT":"audioview-f62dd","EVENTARC_CLOUD_EVENT_SOURCE":"projects/audioview-f62dd/locations/us-central1/functions/onEventCreate"},"runtime":"nodejs20","maxInstances":3000,"ingressSettings":"ALLOW_ALL","buildId":"0cbaa916-6411-489f-ba6f-46c122631fda","buildEnvironmentVariables":{"GOOGLE_NODE_RUN_SCRIPTS":""},"buildName":"projects/1074786462696/locations/us-central1/builds/0cbaa916-6411-489f-ba6f-46c122631fda","dockerRegistry":"ARTIFACT_REGISTRY","automaticUpdatePolicy":{},"buildServiceAccount":"projects/audioview-f62dd/serviceAccounts/1074786462696-compute@developer.gserviceaccount.com","satisfiesPzi":true},{"name":"projects/audioview-f62dd/locations/us-central1/functions/onUserCreate","eventTrigger":{"eventType":"providers/cloud.firestore/eventTypes/document.create","resource":"projects/audioview-f62dd/databases/(default)/documents/users/{userId}","service":"firestore.googleapis.com","failurePolicy":{}},"status":"ACTIVE","entryPoint":"onUserCreate","timeout":"60s","availableMemoryMb":256,"serviceAccountEmail":"audioview-f62dd@appspot.gserviceaccount.com","updateTime":"2026-01-31T10:53:56.095Z","versionId":"4","labels":{"deployment-tool":"cli-firebase","firebase-functions-hash":"08916e2c5a95cb84931578cfa34440f6ec808bb3"},"sourceUploadUrl":"https://storage.googleapis.com/uploads-951719839450.us-central1.cloudfunctions.appspot.com/3eeb120b-dce1-461c-a0e8-5889fc4f7ea8.zip","environmentVariables":{"FIREBASE_CONFIG":"{\"projectId\":\"audioview-f62dd\",\"storageBucket\":\"audioview-f62dd.firebasestorage.app\"}","GCLOUD_PROJECT":"audioview-f62dd","EVENTARC_CLOUD_EVENT_SOURCE":"projects/audioview-f62dd/locations/us-central1/functions/onUserCreate"},"runtime":"nodejs20","maxInstances":3000,"ingressSettings":"ALLOW_ALL","buildId":"0cbaa916-6411-489f-ba6f-46c122631fda","buildEnvironmentVariables":{"GOOGLE_NODE_RUN_SCRIPTS":""},"buildName":"projects/1074786462696/locations/us-central1/builds/0cbaa916-6411-489f-ba6f-46c122631fda","dockerRegistry":"ARTIFACT_REGISTRY","automaticUpdatePolicy":{},"buildServiceAccount":"projects/audioview-f62dd/serviceAccounts/1074786462696-compute@developer.gserviceaccount.com","satisfiesPzi":true},{"name":"projects/audioview-f62dd/locations/us-central1/functions/setupRecommendedMovies","httpsTrigger":{"url":"https://us-central1-audioview-f62dd.cloudfunctions.net/setupRecommendedMovies","securityLevel":"SECURE_ALWAYS"},"status":"ACTIVE","entryPoint":"setupRecommendedMovies","timeout":"60s","availableMemoryMb":256,"serviceAccountEmail":"audioview-f62dd@appspot.gserviceaccount.com","updateTime":"2026-01-31T10:54:03.167Z","versionId":"2","labels":{"deployment-tool":"cli-firebase","deployment-callable":"true","firebase-functions-hash":"08916e2c5a95cb84931578cfa34440f6ec808bb3"},"sourceUploadUrl":"https://storage.googleapis.com/uploads-951719839450.us-central1.cloudfunctions.appspot.com/3eeb120b-dce1-461c-a0e8-5889fc4f7ea8.zip","environmentVariables":{"FIREBASE_CONFIG":"{\"projectId\":\"audioview-f62dd\",\"storageBucket\":\"audioview-f62dd.firebasestorage.app\"}","GCLOUD_PROJECT":"audioview-f62dd","EVENTARC_CLOUD_EVENT_SOURCE":"projects/audioview-f62dd/locations/us-central1/functions/setupRecommendedMovies"},"runtime":"nodejs20","ingressSettings":"ALLOW_ALL","buildId":"0cbaa916-6411-489f-ba6f-46c122631fda","buildEnvironmentVariables":{"GOOGLE_NODE_RUN_SCRIPTS":""},"buildName":"projects/1074786462696/locations/us-central1/builds/0cbaa916-6411-489f-ba6f-46c122631fda","dockerRegistry":"ARTIFACT_REGISTRY","automaticUpdatePolicy":{},"buildServiceAccount":"projects/audioview-f62dd/serviceAccounts/1074786462696-compute@developer.gserviceaccount.com","satisfiesPzi":true},{"name":"projects/audioview-f62dd/locations/us-central1/functions/verifyNaverToken","httpsTrigger":{"url":"https://us-central1-audioview-f62dd.cloudfunctions.net/verifyNaverToken","securityLevel":"SECURE_ALWAYS"},"status":"ACTIVE","entryPoint":"verifyNaverToken","timeout":"60s","availableMemoryMb":256,"serviceAccountEmail":"audioview-f62dd@appspot.gserviceaccount.com","updateTime":"2026-01-31T10:54:02.947Z","versionId":"6","labels":{"deployment-tool":"cli-firebase","deployment-callable":"true","firebase-functions-hash":"08916e2c5a95cb84931578cfa34440f6ec808bb3"},"sourceUploadUrl":"https://storage.googleapis.com/uploads-951719839450.us-central1.cloudfunctions.appspot.com/3eeb120b-dce1-461c-a0e8-5889fc4f7ea8.zip","environmentVariables":{"FIREBASE_CONFIG":"{\"projectId\":\"audioview-f62dd\",\"storageBucket\":\"audioview-f62dd.firebasestorage.app\"}","GCLOUD_PROJECT":"audioview-f62dd","EVENTARC_CLOUD_EVENT_SOURCE":"projects/audioview-f62dd/locations/us-central1/functions/verifyNaverToken"},"runtime":"nodejs20","ingressSettings":"ALLOW_ALL","buildId":"0cbaa916-6411-489f-ba6f-46c122631fda","buildEnvironmentVariables":{"GOOGLE_NODE_RUN_SCRIPTS":""},"buildName":"projects/1074786462696/locations/us-central1/builds/0cbaa916-6411-489f-ba6f-46c122631fda","dockerRegistry":"ARTIFACT_REGISTRY","automaticUpdatePolicy":{},"buildServiceAccount":"projects/audioview-f62dd/serviceAccounts/1074786462696-compute@developer.gserviceaccount.com","satisfiesPzi":true},{"name":"projects/audioview-f62dd/locations/us-central1/functions/onMovieUpdate","eventTrigger":{"eventType":"providers/cloud.firestore/eventTypes/document.update","resource":"projects/audioview-f62dd/databases/(default)/documents/movies/{movieId}","service":"firestore.googleapis.com","failurePolicy":{}},"status":"ACTIVE","entryPoint":"onMovieUpdate","timeout":"60s","availableMemoryMb":256,"serviceAccountEmail":"audioview-f62dd@appspot.gserviceaccount.com","updateTime":"2026-01-31T10:53:57.611Z","versionId":"4","labels":{"firebase-functions-hash":"08916e2c5a95cb84931578cfa34440f6ec808bb3","deployment-tool":"cli-firebase"},"sourceUploadUrl":"https://storage.googleapis.com/uploads-951719839450.us-central1.cloudfunctions.appspot.com/3eeb120b-dce1-461c-a0e8-5889fc4f7ea8.zip","environmentVariables":{"FIREBASE_CONFIG":"{\"projectId\":\"audioview-f62dd\",\"storageBucket\":\"audioview-f62dd.firebasestorage.app\"}","GCLOUD_PROJECT":"audioview-f62dd","EVENTARC_CLOUD_EVENT_SOURCE":"projects/audioview-f62dd/locations/us-central1/functions/onMovieUpdate"},"runtime":"nodejs20","maxInstances":3000,"ingressSettings":"ALLOW_ALL","buildId":"0cbaa916-6411-489f-ba6f-46c122631fda","buildEnvironmentVariables":{"GOOGLE_NODE_RUN_SCRIPTS":""},"buildName":"projects/1074786462696/locations/us-central1/builds/0cbaa916-6411-489f-ba6f-46c122631fda","dockerRegistry":"ARTIFACT_REGISTRY","automaticUpdatePolicy":{},"buildServiceAccount":"projects/audioview-f62dd/serviceAccounts/1074786462696-compute@developer.gserviceaccount.com","satisfiesPzi":true},{"name":"projects/audioview-f62dd/locations/us-central1/functions/deleteUserAccount","httpsTrigger":{"url":"https://us-central1-audioview-f62dd.cloudfunctions.net/deleteUserAccount","securityLevel":"SECURE_ALWAYS"},"status":"ACTIVE","entryPoint":"deleteUserAccount","timeout":"60s","availableMemoryMb":256,"serviceAccountEmail":"audioview-f62dd@appspot.gserviceaccount.com","updateTime":"2026-01-31T10:53:56.601Z","versionId":"2","labels":{"deployment-tool":"cli-firebase","deployment-callable":"true","firebase-functions-hash":"08916e2c5a95cb84931578cfa34440f6ec808bb3"},"sourceUploadUrl":"https://storage.googleapis.com/uploads-951719839450.us-central1.cloudfunctions.appspot.com/3eeb120b-dce1-461c-a0e8-5889fc4f7ea8.zip","environmentVariables":{"FIREBASE_CONFIG":"{\"projectId\":\"audioview-f62dd\",\"storageBucket\":\"audioview-f62dd.firebasestorage.app\"}","GCLOUD_PROJECT":"audioview-f62dd","EVENTARC_CLOUD_EVENT_SOURCE":"projects/audioview-f62dd/locations/us-central1/functions/deleteUserAccount"},"runtime":"nodejs20","ingressSettings":"ALLOW_ALL","buildId":"0cbaa916-6411-489f-ba6f-46c122631fda","buildEnvironmentVariables":{"GOOGLE_NODE_RUN_SCRIPTS":""},"buildName":"projects/1074786462696/locations/us-central1/builds/0cbaa916-6411-489f-ba6f-46c122631fda","dockerRegistry":"ARTIFACT_REGISTRY","automaticUpdatePolicy":{},"buildServiceAccount":"projects/audioview-f62dd/serviceAccounts/1074786462696-compute@developer.gserviceaccount.com","satisfiesPzi":true},{"name":"projects/audioview-f62dd/locations/us-central1/functions/onNoticeCreate","eventTrigger":{"eventType":"providers/cloud.firestore/eventTypes/document.create","resource":"projects/audioview-f62dd/databases/(default)/documents/notices/{noticeId}","service":"firestore.googleapis.com","failurePolicy":{}},"status":"ACTIVE","entryPoint":"onNoticeCreate","timeout":"60s","availableMemoryMb":256,"serviceAccountEmail":"audioview-f62dd@appspot.gserviceaccount.com","updateTime":"2026-01-31T10:53:57.729Z","versionId":"4","labels":{"deployment-tool":"cli-firebase","firebase-functions-hash":"08916e2c5a95cb84931578cfa34440f6ec808bb3"},"sourceUploadUrl":"https://storage.googleapis.com/uploads-951719839450.us-central1.cloudfunctions.appspot.com/3eeb120b-dce1-461c-a0e8-5889fc4f7ea8.zip","environmentVariables":{"FIREBASE_CONFIG":"{\"projectId\":\"audioview-f62dd\",\"storageBucket\":\"audioview-f62dd.firebasestorage.app\"}","GCLOUD_PROJECT":"audioview-f62dd","EVENTARC_CLOUD_EVENT_SOURCE":"projects/audioview-f62dd/locations/us-central1/functions/onNoticeCreate"},"runtime":"nodejs20","maxInstances":3000,"ingressSettings":"ALLOW_ALL","buildId":"0cbaa916-6411-489f-ba6f-46c122631fda","buildEnvironmentVariables":{"GOOGLE_NODE_RUN_SCRIPTS":""},"buildName":"projects/1074786462696/locations/us-central1/builds/0cbaa916-6411-489f-ba6f-46c122631fda","dockerRegistry":"ARTIFACT_REGISTRY","automaticUpdatePolicy":{},"buildServiceAccount":"projects/audioview-f62dd/serviceAccounts/1074786462696-compute@developer.gserviceaccount.com","satisfiesPzi":true},{"name":"projects/audioview-f62dd/locations/us-central1/functions/dailyCheckIn","httpsTrigger":{"url":"https://us-central1-audioview-f62dd.cloudfunctions.net/dailyCheckIn","securityLevel":"SECURE_ALWAYS"},"status":"ACTIVE","entryPoint":"dailyCheckIn","timeout":"60s","availableMemoryMb":256,"serviceAccountEmail":"audioview-f62dd@appspot.gserviceaccount.com","updateTime":"2026-01-31T10:53:55.990Z","versionId":"4","labels":{"deployment-tool":"cli-firebase","deployment-callable":"true","firebase-functions-hash":"08916e2c5a95cb84931578cfa34440f6ec808bb3"},"sourceUploadUrl":"https://storage.googleapis.com/uploads-951719839450.us-central1.cloudfunctions.appspot.com/3eeb120b-dce1-461c-a0e8-5889fc4f7ea8.zip","environmentVariables":{"FIREBASE_CONFIG":"{\"projectId\":\"audioview-f62dd\",\"storageBucket\":\"audioview-f62dd.firebasestorage.app\"}","GCLOUD_PROJECT":"audioview-f62dd","EVENTARC_CLOUD_EVENT_SOURCE":"projects/audioview-f62dd/locations/us-central1/functions/dailyCheckIn"},"runtime":"nodejs20","ingressSettings":"ALLOW_ALL","buildId":"0cbaa916-6411-489f-ba6f-46c122631fda","buildEnvironmentVariables":{"GOOGLE_NODE_RUN_SCRIPTS":""},"buildName":"projects/1074786462696/locations/us-central1/builds/0cbaa916-6411-489f-ba6f-46c122631fda","dockerRegistry":"ARTIFACT_REGISTRY","automaticUpdatePolicy":{},"buildServiceAccount":"projects/audioview-f62dd/serviceAccounts/1074786462696-compute@developer.gserviceaccount.com","satisfiesPzi":true},{"name":"projects/audioview-f62dd/locations/us-central1/functions/onReviewCreate","eventTrigger":{"eventType":"providers/cloud.firestore/eventTypes/document.create","resource":"projects/audioview-f62dd/databases/(default)/documents/reviews/{reviewId}","service":"firestore.googleapis.com","failurePolicy":{}},"status":"ACTIVE","entryPoint":"onReviewCreate","timeout":"60s","availableMemoryMb":256,"serviceAccountEmail":"audioview-f62dd@appspot.gserviceaccount.com","updateTime":"2026-01-31T10:54:03.717Z","versionId":"4","labels":{"deployment-tool":"cli-firebase","firebase-functions-hash":"08916e2c5a95cb84931578cfa34440f6ec808bb3"},"sourceUploadUrl":"https://storage.googleapis.com/uploads-951719839450.us-central1.cloudfunctions.appspot.com/3eeb120b-dce1-461c-a0e8-5889fc4f7ea8.zip","environmentVariables":{"FIREBASE_CONFIG":"{\"projectId\":\"audioview-f62dd\",\"storageBucket\":\"audioview-f62dd.firebasestorage.app\"}","GCLOUD_PROJECT":"audioview-f62dd","EVENTARC_CLOUD_EVENT_SOURCE":"projects/audioview-f62dd/locations/us-central1/functions/onReviewCreate"},"runtime":"nodejs20","maxInstances":3000,"ingressSettings":"ALLOW_ALL","buildId":"0cbaa916-6411-489f-ba6f-46c122631fda","buildEnvironmentVariables":{"GOOGLE_NODE_RUN_SCRIPTS":""},"buildName":"projects/1074786462696/locations/us-central1/builds/0cbaa916-6411-489f-ba6f-46c122631fda","dockerRegistry":"ARTIFACT_REGISTRY","automaticUpdatePolicy":{},"buildServiceAccount":"projects/audioview-f62dd/serviceAccounts/1074786462696-compute@developer.gserviceaccount.com","satisfiesPzi":true},{"name":"projects/audioview-f62dd/locations/us-central1/functions/verifyKakaoToken","httpsTrigger":{"url":"https://us-central1-audioview-f62dd.cloudfunctions.net/verifyKakaoToken","securityLevel":"SECURE_ALWAYS"},"status":"ACTIVE","entryPoint":"verifyKakaoToken","timeout":"60s","availableMemoryMb":256,"serviceAccountEmail":"audioview-f62dd@appspot.gserviceaccount.com","updateTime":"2026-01-31T10:53:55.327Z","versionId":"6","labels":{"deployment-tool":"cli-firebase","deployment-callable":"true","firebase-functions-hash":"08916e2c5a95cb84931578cfa34440f6ec808bb3"},"sourceUploadUrl":"https://storage.googleapis.com/uploads-951719839450.us-central1.cloudfunctions.appspot.com/3eeb120b-dce1-461c-a0e8-5889fc4f7ea8.zip","environmentVariables":{"FIREBASE_CONFIG":"{\"projectId\":\"audioview-f62dd\",\"storageBucket\":\"audioview-f62dd.firebasestorage.app\"}","GCLOUD_PROJECT":"audioview-f62dd","EVENTARC_CLOUD_EVENT_SOURCE":"projects/audioview-f62dd/locations/us-central1/functions/verifyKakaoToken"},"runtime":"nodejs20","ingressSettings":"ALLOW_ALL","buildId":"0cbaa916-6411-489f-ba6f-46c122631fda","buildEnvironmentVariables":{"GOOGLE_NODE_RUN_SCRIPTS":""},"buildName":"projects/1074786462696/locations/us-central1/builds/0cbaa916-6411-489f-ba6f-46c122631fda","dockerRegistry":"ARTIFACT_REGISTRY","automaticUpdatePolicy":{},"buildServiceAccount":"projects/audioview-f62dd/serviceAccounts/1074786462696-compute@developer.gserviceaccount.com","satisfiesPzi":true}]}
[debug] [2026-02-02T02:28:19.181Z] Checked if tokens are valid: true, expires at: 1770002824036
[debug] [2026-02-02T02:28:19.181Z] Checked if tokens are valid: true, expires at: 1770002824036
[debug] [2026-02-02T02:28:19.181Z] >>> [apiv2][query] GET https://cloudfunctions.googleapis.com/v2/projects/audioview-f62dd/locations/-/functions filter=environment%3D%22GEN_2%22
[debug] [2026-02-02T02:28:20.511Z] <<< [apiv2][status] GET https://cloudfunctions.googleapis.com/v2/projects/audioview-f62dd/locations/-/functions 200
[debug] [2026-02-02T02:28:20.511Z] <<< [apiv2][body] GET https://cloudfunctions.googleapis.com/v2/projects/audioview-f62dd/locations/-/functions {}
[debug] [2026-02-02T02:28:20.514Z] Checked if tokens are valid: true, expires at: 1770002824036
[debug] [2026-02-02T02:28:20.514Z] Checked if tokens are valid: true, expires at: 1770002824036
[debug] [2026-02-02T02:28:20.514Z] >>> [apiv2][query] GET https://cloudresourcemanager.googleapis.com/v1/projects/audioview-f62dd [none]
[debug] [2026-02-02T02:28:20.716Z] <<< [apiv2][status] GET https://cloudresourcemanager.googleapis.com/v1/projects/audioview-f62dd 200
[debug] [2026-02-02T02:28:20.716Z] <<< [apiv2][body] GET https://cloudresourcemanager.googleapis.com/v1/projects/audioview-f62dd {"projectNumber":"1074786462696","projectId":"audioview-f62dd","lifecycleState":"ACTIVE","name":"AudioView","labels":{"firebase":"enabled","firebase-core":"disabled"},"createTime":"2026-01-22T05:11:51.362520Z"}
[debug] [2026-02-02T02:28:20.717Z] Checked if tokens are valid: true, expires at: 1770002824036
[debug] [2026-02-02T02:28:20.717Z] Checked if tokens are valid: true, expires at: 1770002824036
[debug] [2026-02-02T02:28:20.717Z] >>> [apiv2][query] GET https://cloudbilling.googleapis.com/v1/projects/audioview-f62dd/billingInfo [none]
[debug] [2026-02-02T02:28:21.963Z] <<< [apiv2][status] GET https://cloudbilling.googleapis.com/v1/projects/audioview-f62dd/billingInfo 200
[debug] [2026-02-02T02:28:21.963Z] <<< [apiv2][body] GET https://cloudbilling.googleapis.com/v1/projects/audioview-f62dd/billingInfo {"name":"projects/audioview-f62dd/billingInfo","projectId":"audioview-f62dd","billingAccountName":"billingAccounts/014732-0F986A-0C0B2E","billingEnabled":true}
[debug] [2026-02-02T02:28:21.964Z] Checked if tokens are valid: true, expires at: 1770002824036
[debug] [2026-02-02T02:28:21.964Z] Checked if tokens are valid: true, expires at: 1770002824036
[debug] [2026-02-02T02:28:21.965Z] >>> [apiv2][query] POST https://cloudfunctions.googleapis.com/v1/projects/audioview-f62dd/locations/us-central1/functions:generateUploadUrl [none]
[debug] [2026-02-02T02:28:21.965Z] >>> [apiv2][body] POST https://cloudfunctions.googleapis.com/v1/projects/audioview-f62dd/locations/us-central1/functions:generateUploadUrl {}
[debug] [2026-02-02T02:28:23.311Z] <<< [apiv2][status] POST https://cloudfunctions.googleapis.com/v1/projects/audioview-f62dd/locations/us-central1/functions:generateUploadUrl 200
[debug] [2026-02-02T02:28:23.311Z] <<< [apiv2][body] POST https://cloudfunctions.googleapis.com/v1/projects/audioview-f62dd/locations/us-central1/functions:generateUploadUrl {"uploadUrl":"https://storage.googleapis.com/uploads-951719839450.us-central1.cloudfunctions.appspot.com/05c15544-4df9-4780-969a-9dbdef69028a.zip?GoogleAccessId=service-1074786462696@gcf-admin-robot.iam.gserviceaccount.com&Expires=1770001103&Signature=Y2MWuhky5u%2FnN%2B8QHw78IJuLnnGwRqj1fPgyq4J9HslUQR1kSzMGNpalznHI6exS0GjO8N4Bna7nwwV3iAYuDi9aXhkMmFSER4dc6snfCgU7V5k%2FP%2FyyvtJoBFqOZBBWwK5igj9zbYd%2FML0HVKXYWgdW7T1R005kbW9HwgHMt8vL9nGTaK2bwVwvjH4KFxyzJMIzAZNX8JLClCvFi1BBs6TdnhpQLW%2BJ2gcUfuLg0Jwzhd0mk4dbeK0OBwwUzaS9yxuEgbsvWmlgbw%2B44KUwQLDORAZp%2BWnDFyQD%2BXC5%2BogW3jFiQlrjwwBvQmjGmYackFG4BSD8gRpPozuFBGjqNQ%3D%3D"}
[debug] [2026-02-02T02:28:23.312Z] >>> [apiv2][query] PUT https://storage.googleapis.com/uploads-951719839450.us-central1.cloudfunctions.appspot.com/05c15544-4df9-4780-969a-9dbdef69028a.zip GoogleAccessId=service-1074786462696%40gcf-admin-robot.iam.gserviceaccount.com&Expires=1770001103&Signature=Y2MWuhky5u%2FnN%2B8QHw78IJuLnnGwRqj1fPgyq4J9HslUQR1kSzMGNpalznHI6exS0GjO8N4Bna7nwwV3iAYuDi9aXhkMmFSER4dc6snfCgU7V5k%2FP%2FyyvtJoBFqOZBBWwK5igj9zbYd%2FML0HVKXYWgdW7T1R005kbW9HwgHMt8vL9nGTaK2bwVwvjH4KFxyzJMIzAZNX8JLClCvFi1BBs6TdnhpQLW%2BJ2gcUfuLg0Jwzhd0mk4dbeK0OBwwUzaS9yxuEgbsvWmlgbw%2B44KUwQLDORAZp%2BWnDFyQD%2BXC5%2BogW3jFiQlrjwwBvQmjGmYackFG4BSD8gRpPozuFBGjqNQ%3D%3D
[debug] [2026-02-02T02:28:23.312Z] >>> [apiv2][body] PUT https://storage.googleapis.com/uploads-951719839450.us-central1.cloudfunctions.appspot.com/05c15544-4df9-4780-969a-9dbdef69028a.zip [stream]
[debug] [2026-02-02T02:28:23.946Z] <<< [apiv2][status] PUT https://storage.googleapis.com/uploads-951719839450.us-central1.cloudfunctions.appspot.com/05c15544-4df9-4780-969a-9dbdef69028a.zip 200
[debug] [2026-02-02T02:28:23.946Z] <<< [apiv2][body] PUT https://storage.googleapis.com/uploads-951719839450.us-central1.cloudfunctions.appspot.com/05c15544-4df9-4780-969a-9dbdef69028a.zip [omitted]
[info] +  functions: functions source uploaded successfully 
[info] 
The following functions are found in your project but do not exist in your local source code:
	setupRecommendedMovies(us-central1)

If you are renaming a function or changing its region, it is recommended that you create the new function first before deleting the old one to prevent event loss. For more info, visit https://firebase.google.com/docs/functions/manage-functions#modify

